Building DAG of jobs...
Using shell: /bin/bash
Provided cores: 8
Rules claiming more threads will be scaled down.
Job counts:
	count	jobs
	1	all
	7	bbmap
	8

[Sat Feb  1 20:55:11 2020]
rule bbmap:
    input: /home/david/MEIJI/reads/reads.qc.lin.fa
    output: /home/david/MEIJI/output/bbmap.7.sam
    jobid: 4
    wildcards: build=7
    threads: 8

[Sun Feb  2 03:52:52 2020]
Finished job 4.
1 of 8 steps (12%) done

[Sun Feb  2 03:52:52 2020]
rule bbmap:
    input: /home/david/MEIJI/reads/reads.qc.lin.fa
    output: /home/david/MEIJI/output/bbmap.2.sam
    jobid: 2
    wildcards: build=2
    threads: 8

[Sun Feb  2 11:03:18 2020]
Finished job 2.
2 of 8 steps (25%) done

[Sun Feb  2 11:03:18 2020]
rule bbmap:
    input: /home/david/MEIJI/reads/reads.qc.lin.fa
    output: /home/david/MEIJI/output/bbmap.6.sam
    jobid: 8
    wildcards: build=6
    threads: 8

Removing output files of failed job bbmap since they might be corrupted:
/home/david/MEIJI/output/bbmap.6.sam
Shutting down, this might take some time.
Exiting because a job execution failed. Look above for error message
Complete log: /home/david/MEIJI/0.1/.snakemake/log/2020-02-01T205511.171449.snakemake.log
