Building DAG of jobs...
Using shell: /bin/bash
Provided cores: 8
Rules claiming more threads will be scaled down.
Job counts:
	count	jobs
	1	all
	1	merge_reads
	1	reformat
	3

[Sat Feb  1 14:29:31 2020]
rule reformat:
    input: /home/david/MEIJI/reads/101-FEC-1-8-S4.fastq, /home/david/MEIJI/reads/102-FEC-1-0-S5.fastq, /home/david/MEIJI/reads/107-FEC-1-2-S26.fastq, /home/david/MEIJI/reads/106-FEC-1-4-S23.fastq, /home/david/MEIJI/reads/104-FEC-1-8-S16.fastq, /home/david/MEIJI/reads/103-FEC-1-8-S12.fastq, /home/david/MEIJI/reads/103-FEC-1-2-S10.fastq, /home/david/MEIJI/reads/105-FEC-1-8-S20.fastq, /home/david/MEIJI/reads/105-FEC-1-4-S19.fastq, /home/david/MEIJI/reads/105-FEC-1-2-S18.fastq, /home/david/MEIJI/reads/104-FEC-1-0-S13.fastq, /home/david/MEIJI/reads/104-FEC-1-2-S14.fastq, /home/david/MEIJI/reads/105-FEC-1-0-S17.fastq, /home/david/MEIJI/reads/102-FEC-1-4-S7.fastq, /home/david/MEIJI/reads/106-FEC-1-2-S22.fastq, /home/david/MEIJI/reads/102-FEC-1-8-S8.fastq, /home/david/MEIJI/reads/103-FEC-1-0-S9.fastq, /home/david/MEIJI/reads/106-FEC-1-8-S24.fastq, /home/david/MEIJI/reads/106-FEC-1-0-S21.fastq, /home/david/MEIJI/reads/101-FEC-1-4-S3.fastq, /home/david/MEIJI/reads/101-FEC-1-0-S1.fastq, /home/david/MEIJI/reads/102-FEC-1-2-S6.fastq, /home/david/MEIJI/reads/103-FEC-1-4-S11.fastq, /home/david/MEIJI/reads/101-FEC-1-2-S2.fastq, /home/david/MEIJI/reads/107-FEC-1-0-S25.fastq, /home/david/MEIJI/reads/104-FEC-1-4-S15.fastq
    output: /home/david/MEIJI/reads/101-FEC-1-8-S4.fasta, /home/david/MEIJI/reads/102-FEC-1-0-S5.fasta, /home/david/MEIJI/reads/107-FEC-1-2-S26.fasta, /home/david/MEIJI/reads/106-FEC-1-4-S23.fasta, /home/david/MEIJI/reads/104-FEC-1-8-S16.fasta, /home/david/MEIJI/reads/103-FEC-1-8-S12.fasta, /home/david/MEIJI/reads/103-FEC-1-2-S10.fasta, /home/david/MEIJI/reads/105-FEC-1-8-S20.fasta, /home/david/MEIJI/reads/105-FEC-1-4-S19.fasta, /home/david/MEIJI/reads/105-FEC-1-2-S18.fasta, /home/david/MEIJI/reads/104-FEC-1-0-S13.fasta, /home/david/MEIJI/reads/104-FEC-1-2-S14.fasta, /home/david/MEIJI/reads/105-FEC-1-0-S17.fasta, /home/david/MEIJI/reads/102-FEC-1-4-S7.fasta, /home/david/MEIJI/reads/106-FEC-1-2-S22.fasta, /home/david/MEIJI/reads/102-FEC-1-8-S8.fasta, /home/david/MEIJI/reads/103-FEC-1-0-S9.fasta, /home/david/MEIJI/reads/106-FEC-1-8-S24.fasta, /home/david/MEIJI/reads/106-FEC-1-0-S21.fasta, /home/david/MEIJI/reads/101-FEC-1-4-S3.fasta, /home/david/MEIJI/reads/101-FEC-1-0-S1.fasta, /home/david/MEIJI/reads/102-FEC-1-2-S6.fasta, /home/david/MEIJI/reads/103-FEC-1-4-S11.fasta, /home/david/MEIJI/reads/101-FEC-1-2-S2.fasta, /home/david/MEIJI/reads/107-FEC-1-0-S25.fasta, /home/david/MEIJI/reads/104-FEC-1-4-S15.fasta
    jobid: 2

[Sat Feb  1 14:29:31 2020]
Error in rule reformat:
    jobid: 2
    output: /home/david/MEIJI/reads/101-FEC-1-8-S4.fasta, /home/david/MEIJI/reads/102-FEC-1-0-S5.fasta, /home/david/MEIJI/reads/107-FEC-1-2-S26.fasta, /home/david/MEIJI/reads/106-FEC-1-4-S23.fasta, /home/david/MEIJI/reads/104-FEC-1-8-S16.fasta, /home/david/MEIJI/reads/103-FEC-1-8-S12.fasta, /home/david/MEIJI/reads/103-FEC-1-2-S10.fasta, /home/david/MEIJI/reads/105-FEC-1-8-S20.fasta, /home/david/MEIJI/reads/105-FEC-1-4-S19.fasta, /home/david/MEIJI/reads/105-FEC-1-2-S18.fasta, /home/david/MEIJI/reads/104-FEC-1-0-S13.fasta, /home/david/MEIJI/reads/104-FEC-1-2-S14.fasta, /home/david/MEIJI/reads/105-FEC-1-0-S17.fasta, /home/david/MEIJI/reads/102-FEC-1-4-S7.fasta, /home/david/MEIJI/reads/106-FEC-1-2-S22.fasta, /home/david/MEIJI/reads/102-FEC-1-8-S8.fasta, /home/david/MEIJI/reads/103-FEC-1-0-S9.fasta, /home/david/MEIJI/reads/106-FEC-1-8-S24.fasta, /home/david/MEIJI/reads/106-FEC-1-0-S21.fasta, /home/david/MEIJI/reads/101-FEC-1-4-S3.fasta, /home/david/MEIJI/reads/101-FEC-1-0-S1.fasta, /home/david/MEIJI/reads/102-FEC-1-2-S6.fasta, /home/david/MEIJI/reads/103-FEC-1-4-S11.fasta, /home/david/MEIJI/reads/101-FEC-1-2-S2.fasta, /home/david/MEIJI/reads/107-FEC-1-0-S25.fasta, /home/david/MEIJI/reads/104-FEC-1-4-S15.fasta

RuleException:
CalledProcessError in line 60 of /home/david/MEIJI/0.1/rules/prepare_reads.smk:
Command ' set -euo pipefail;  
        reformat.sh in=/home/david/MEIJI/reads/101-FEC-1-8-S4.fastq /home/david/MEIJI/reads/102-FEC-1-0-S5.fastq /home/david/MEIJI/reads/107-FEC-1-2-S26.fastq /home/david/MEIJI/reads/106-FEC-1-4-S23.fastq /home/david/MEIJI/reads/104-FEC-1-8-S16.fastq /home/david/MEIJI/reads/103-FEC-1-8-S12.fastq /home/david/MEIJI/reads/103-FEC-1-2-S10.fastq /home/david/MEIJI/reads/105-FEC-1-8-S20.fastq /home/david/MEIJI/reads/105-FEC-1-4-S19.fastq /home/david/MEIJI/reads/105-FEC-1-2-S18.fastq /home/david/MEIJI/reads/104-FEC-1-0-S13.fastq /home/david/MEIJI/reads/104-FEC-1-2-S14.fastq /home/david/MEIJI/reads/105-FEC-1-0-S17.fastq /home/david/MEIJI/reads/102-FEC-1-4-S7.fastq /home/david/MEIJI/reads/106-FEC-1-2-S22.fastq /home/david/MEIJI/reads/102-FEC-1-8-S8.fastq /home/david/MEIJI/reads/103-FEC-1-0-S9.fastq /home/david/MEIJI/reads/106-FEC-1-8-S24.fastq /home/david/MEIJI/reads/106-FEC-1-0-S21.fastq /home/david/MEIJI/reads/101-FEC-1-4-S3.fastq /home/david/MEIJI/reads/101-FEC-1-0-S1.fastq /home/david/MEIJI/reads/102-FEC-1-2-S6.fastq /home/david/MEIJI/reads/103-FEC-1-4-S11.fastq /home/david/MEIJI/reads/101-FEC-1-2-S2.fastq /home/david/MEIJI/reads/107-FEC-1-0-S25.fastq /home/david/MEIJI/reads/104-FEC-1-4-S15.fastq out=/home/david/MEIJI/reads/101-FEC-1-8-S4.fasta /home/david/MEIJI/reads/102-FEC-1-0-S5.fasta /home/david/MEIJI/reads/107-FEC-1-2-S26.fasta /home/david/MEIJI/reads/106-FEC-1-4-S23.fasta /home/david/MEIJI/reads/104-FEC-1-8-S16.fasta /home/david/MEIJI/reads/103-FEC-1-8-S12.fasta /home/david/MEIJI/reads/103-FEC-1-2-S10.fasta /home/david/MEIJI/reads/105-FEC-1-8-S20.fasta /home/david/MEIJI/reads/105-FEC-1-4-S19.fasta /home/david/MEIJI/reads/105-FEC-1-2-S18.fasta /home/david/MEIJI/reads/104-FEC-1-0-S13.fasta /home/david/MEIJI/reads/104-FEC-1-2-S14.fasta /home/david/MEIJI/reads/105-FEC-1-0-S17.fasta /home/david/MEIJI/reads/102-FEC-1-4-S7.fasta /home/david/MEIJI/reads/106-FEC-1-2-S22.fasta /home/david/MEIJI/reads/102-FEC-1-8-S8.fasta /home/david/MEIJI/reads/103-FEC-1-0-S9.fasta /home/david/MEIJI/reads/106-FEC-1-8-S24.fasta /home/david/MEIJI/reads/106-FEC-1-0-S21.fasta /home/david/MEIJI/reads/101-FEC-1-4-S3.fasta /home/david/MEIJI/reads/101-FEC-1-0-S1.fasta /home/david/MEIJI/reads/102-FEC-1-2-S6.fasta /home/david/MEIJI/reads/103-FEC-1-4-S11.fasta /home/david/MEIJI/reads/101-FEC-1-2-S2.fasta /home/david/MEIJI/reads/107-FEC-1-0-S25.fasta /home/david/MEIJI/reads/104-FEC-1-4-S15.fasta ' returned non-zero exit status 1.
  File "/home/david/MEIJI/0.1/rules/prepare_reads.smk", line 60, in __rule_reformat
  File "/home/david/miniconda3/envs/Praxis/lib/python3.6/concurrent/futures/thread.py", line 56, in run
Shutting down, this might take some time.
Exiting because a job execution failed. Look above for error message
Complete log: /home/david/MEIJI/0.1/.snakemake/log/2020-02-01T142931.420399.snakemake.log
