Building DAG of jobs...
Using shell: /bin/bash
Provided cores: 8
Rules claiming more threads will be scaled down.
Job counts:
	count	jobs
	1	all
	26	bbduk
	27

[Sat Feb  1 13:21:56 2020]
rule bbduk:
    input: /home/data/ssmstest/reads/101-FEC-1-0-S1.fastq, /home/data/ssmstest/reads/101-FEC-1-2-S2.fastq, /home/data/ssmstest/reads/101-FEC-1-4-S3.fastq, /home/data/ssmstest/reads/101-FEC-1-8-S4.fastq, /home/data/ssmstest/reads/102-FEC-1-0-S5.fastq, /home/data/ssmstest/reads/102-FEC-1-2-S6.fastq, /home/data/ssmstest/reads/102-FEC-1-4-S7.fastq, /home/data/ssmstest/reads/102-FEC-1-8-S8.fastq, /home/data/ssmstest/reads/103-FEC-1-0-S9.fastq, /home/data/ssmstest/reads/103-FEC-1-2-S10.fastq, /home/data/ssmstest/reads/103-FEC-1-4-S11.fastq, /home/data/ssmstest/reads/103-FEC-1-8-S12.fastq, /home/data/ssmstest/reads/104-FEC-1-0-S13.fastq, /home/data/ssmstest/reads/104-FEC-1-2-S14.fastq, /home/data/ssmstest/reads/104-FEC-1-4-S15.fastq, /home/data/ssmstest/reads/104-FEC-1-8-S16.fastq, /home/data/ssmstest/reads/105-FEC-1-0-S17.fastq, /home/data/ssmstest/reads/105-FEC-1-2-S18.fastq, /home/data/ssmstest/reads/105-FEC-1-4-S19.fastq, /home/data/ssmstest/reads/105-FEC-1-8-S20.fastq, /home/data/ssmstest/reads/106-FEC-1-0-S21.fastq, /home/data/ssmstest/reads/106-FEC-1-2-S22.fastq, /home/data/ssmstest/reads/106-FEC-1-4-S23.fastq, /home/data/ssmstest/reads/106-FEC-1-8-S24.fastq, /home/data/ssmstest/reads/107-FEC-1-0-S25.fastq, /home/data/ssmstest/reads/107-FEC-1-2-S26.fastq
    output: /home/david/MEIJI/reads/106-FEC-1-8-S24.q30.fq
    jobid: 11
    wildcards: OUTPUT_DIR=/home/david/MEIJI/reads, filtered_samples=106-FEC-1-8-S24.q30.fq
    threads: 8

[Sat Feb  1 13:21:56 2020]
Error in rule bbduk:
    jobid: 11
    output: /home/david/MEIJI/reads/106-FEC-1-8-S24.q30.fq

RuleException:
CalledProcessError in line 75 of /home/david/MEIJI/0.1/rules/prepare_reads.smk:
Command ' set -euo pipefail;  
        bbduk.sh -Xmx20g t=8 in=/home/data/ssmstest/reads/101-FEC-1-0-S1.fastq /home/data/ssmstest/reads/101-FEC-1-2-S2.fastq /home/data/ssmstest/reads/101-FEC-1-4-S3.fastq /home/data/ssmstest/reads/101-FEC-1-8-S4.fastq /home/data/ssmstest/reads/102-FEC-1-0-S5.fastq /home/data/ssmstest/reads/102-FEC-1-2-S6.fastq /home/data/ssmstest/reads/102-FEC-1-4-S7.fastq /home/data/ssmstest/reads/102-FEC-1-8-S8.fastq /home/data/ssmstest/reads/103-FEC-1-0-S9.fastq /home/data/ssmstest/reads/103-FEC-1-2-S10.fastq /home/data/ssmstest/reads/103-FEC-1-4-S11.fastq /home/data/ssmstest/reads/103-FEC-1-8-S12.fastq /home/data/ssmstest/reads/104-FEC-1-0-S13.fastq /home/data/ssmstest/reads/104-FEC-1-2-S14.fastq /home/data/ssmstest/reads/104-FEC-1-4-S15.fastq /home/data/ssmstest/reads/104-FEC-1-8-S16.fastq /home/data/ssmstest/reads/105-FEC-1-0-S17.fastq /home/data/ssmstest/reads/105-FEC-1-2-S18.fastq /home/data/ssmstest/reads/105-FEC-1-4-S19.fastq /home/data/ssmstest/reads/105-FEC-1-8-S20.fastq /home/data/ssmstest/reads/106-FEC-1-0-S21.fastq /home/data/ssmstest/reads/106-FEC-1-2-S22.fastq /home/data/ssmstest/reads/106-FEC-1-4-S23.fastq /home/data/ssmstest/reads/106-FEC-1-8-S24.fastq /home/data/ssmstest/reads/107-FEC-1-0-S25.fastq /home/data/ssmstest/reads/107-FEC-1-2-S26.fastq out=/home/david/MEIJI/reads/106-FEC-1-8-S24.q30.fq qtrim=r trimq=30 minlen=130 ftl=10 ftr=160 ' returned non-zero exit status 1.
  File "/home/david/MEIJI/0.1/rules/prepare_reads.smk", line 75, in __rule_bbduk
  File "/home/david/miniconda3/envs/Praxis/lib/python3.6/concurrent/futures/thread.py", line 56, in run
Shutting down, this might take some time.
Exiting because a job execution failed. Look above for error message
Complete log: /home/david/MEIJI/0.1/.snakemake/log/2020-02-01T132156.378209.snakemake.log
