Building DAG of jobs...
Using shell: /bin/bash
Provided cores: 8
Rules claiming more threads will be scaled down.
Job counts:
	count	jobs
	1	all
	1	linearize_reads
	2

[Sat Feb  1 16:02:44 2020]
rule linearize_reads:
    input: /home/david/MEIJI/reads/genomes.reads.qc.fa
    output: /home/david/MEIJI/reads/genomes.reads.qc.lin.fa
    jobid: 1

[Sat Feb  1 16:02:48 2020]
Finished job 1.
1 of 2 steps (50%) done

[Sat Feb  1 16:02:48 2020]
localrule all:
    input: /home/david/MEIJI/reads/genomes.reads.qc.lin.fa
    jobid: 0

[Sat Feb  1 16:02:48 2020]
Finished job 0.
2 of 2 steps (100%) done
Complete log: /home/david/MEIJI/0.1/.snakemake/log/2020-02-01T160244.183264.snakemake.log
