Building DAG of jobs...
Using shell: /bin/bash
Provided cores: 8
Rules claiming more threads will be scaled down.
Job counts:
	count	jobs
	1	all
	1	merge_reads
	2

[Sat Feb  1 14:22:41 2020]
rule merge_reads:
    input: /home/david/MEIJI/reads/101-FEC-1-8-S4.fastq, /home/david/MEIJI/reads/102-FEC-1-0-S5.fastq, /home/david/MEIJI/reads/107-FEC-1-2-S26.fastq, /home/david/MEIJI/reads/106-FEC-1-4-S23.fastq, /home/david/MEIJI/reads/104-FEC-1-8-S16.fastq, /home/david/MEIJI/reads/103-FEC-1-8-S12.fastq, /home/david/MEIJI/reads/103-FEC-1-2-S10.fastq, /home/david/MEIJI/reads/105-FEC-1-8-S20.fastq, /home/david/MEIJI/reads/105-FEC-1-4-S19.fastq, /home/david/MEIJI/reads/105-FEC-1-2-S18.fastq, /home/david/MEIJI/reads/104-FEC-1-0-S13.fastq, /home/david/MEIJI/reads/104-FEC-1-2-S14.fastq, /home/david/MEIJI/reads/105-FEC-1-0-S17.fastq, /home/david/MEIJI/reads/102-FEC-1-4-S7.fastq, /home/david/MEIJI/reads/106-FEC-1-2-S22.fastq, /home/david/MEIJI/reads/102-FEC-1-8-S8.fastq, /home/david/MEIJI/reads/103-FEC-1-0-S9.fastq, /home/david/MEIJI/reads/106-FEC-1-8-S24.fastq, /home/david/MEIJI/reads/106-FEC-1-0-S21.fastq, /home/david/MEIJI/reads/101-FEC-1-4-S3.fastq, /home/david/MEIJI/reads/101-FEC-1-0-S1.fastq, /home/david/MEIJI/reads/102-FEC-1-2-S6.fastq, /home/david/MEIJI/reads/103-FEC-1-4-S11.fastq, /home/david/MEIJI/reads/101-FEC-1-2-S2.fastq, /home/david/MEIJI/reads/107-FEC-1-0-S25.fastq, /home/david/MEIJI/reads/104-FEC-1-4-S15.fastq
    output: /home/david/MEIJI/reads/genomes.reads.qc.fa
    jobid: 1

[Sat Feb  1 14:22:56 2020]
Finished job 1.
1 of 2 steps (50%) done

[Sat Feb  1 14:22:56 2020]
localrule all:
    input: /home/david/MEIJI/reads/genomes.reads.qc.fa
    jobid: 0

[Sat Feb  1 14:22:56 2020]
Finished job 0.
2 of 2 steps (100%) done
Complete log: /home/david/MEIJI/0.1/.snakemake/log/2020-02-01T142241.271581.snakemake.log
