Building DAG of jobs...
Using shell: /bin/bash
Provided cores: 8
Rules claiming more threads will be scaled down.
Job counts:
	count	jobs
	1	all
	22	bbduk
	1	format_headers
	1	linearize_reads
	1	merge_reads
	26

[Sat Feb  1 17:01:17 2020]
rule bbduk:
    input: /home/data/ssmstest/reads/107-FEC-1-0-S25.fastq
    output: /home/david/MEIJI/reads/107-FEC-1-0-S25.fasta
    jobid: 19
    wildcards: samples=107-FEC-1-0-S25
    threads: 8

[Sat Feb  1 17:01:19 2020]
Finished job 19.
1 of 26 steps (4%) done

[Sat Feb  1 17:01:19 2020]
rule bbduk:
    input: /home/data/ssmstest/reads/101-FEC-1-2-S2.fastq
    output: /home/david/MEIJI/reads/101-FEC-1-2-S2.fasta
    jobid: 11
    wildcards: samples=101-FEC-1-2-S2
    threads: 8

[Sat Feb  1 17:01:21 2020]
Finished job 11.
2 of 26 steps (8%) done

[Sat Feb  1 17:01:21 2020]
rule bbduk:
    input: /home/data/ssmstest/reads/103-FEC-1-0-S9.fastq
    output: /home/david/MEIJI/reads/103-FEC-1-0-S9.fasta
    jobid: 13
    wildcards: samples=103-FEC-1-0-S9
    threads: 8

[Sat Feb  1 17:01:23 2020]
Finished job 13.
3 of 26 steps (12%) done

[Sat Feb  1 17:01:23 2020]
rule bbduk:
    input: /home/data/ssmstest/reads/104-FEC-1-4-S15.fastq
    output: /home/david/MEIJI/reads/104-FEC-1-4-S15.fasta
    jobid: 6
    wildcards: samples=104-FEC-1-4-S15
    threads: 8

[Sat Feb  1 17:01:25 2020]
Finished job 6.
4 of 26 steps (15%) done

[Sat Feb  1 17:01:25 2020]
rule bbduk:
    input: /home/data/ssmstest/reads/106-FEC-1-4-S23.fastq
    output: /home/david/MEIJI/reads/106-FEC-1-4-S23.fasta
    jobid: 21
    wildcards: samples=106-FEC-1-4-S23
    threads: 8

[Sat Feb  1 17:01:27 2020]
Finished job 21.
5 of 26 steps (19%) done

[Sat Feb  1 17:01:27 2020]
rule bbduk:
    input: /home/data/ssmstest/reads/103-FEC-1-8-S12.fastq
    output: /home/david/MEIJI/reads/103-FEC-1-8-S12.fasta
    jobid: 17
    wildcards: samples=103-FEC-1-8-S12
    threads: 8

[Sat Feb  1 17:01:29 2020]
Finished job 17.
6 of 26 steps (23%) done

[Sat Feb  1 17:01:29 2020]
rule bbduk:
    input: /home/data/ssmstest/reads/106-FEC-1-8-S24.fastq
    output: /home/david/MEIJI/reads/106-FEC-1-8-S24.fasta
    jobid: 8
    wildcards: samples=106-FEC-1-8-S24
    threads: 8

[Sat Feb  1 17:01:31 2020]
Finished job 8.
7 of 26 steps (27%) done

[Sat Feb  1 17:01:31 2020]
rule bbduk:
    input: /home/data/ssmstest/reads/101-FEC-1-0-S1.fastq
    output: /home/david/MEIJI/reads/101-FEC-1-0-S1.fasta
    jobid: 15
    wildcards: samples=101-FEC-1-0-S1
    threads: 8

[Sat Feb  1 17:01:33 2020]
Finished job 15.
8 of 26 steps (31%) done

[Sat Feb  1 17:01:33 2020]
rule bbduk:
    input: /home/data/ssmstest/reads/102-FEC-1-0-S5.fastq
    output: /home/david/MEIJI/reads/102-FEC-1-0-S5.fasta
    jobid: 28
    wildcards: samples=102-FEC-1-0-S5
    threads: 8

[Sat Feb  1 17:01:35 2020]
Finished job 28.
9 of 26 steps (35%) done

[Sat Feb  1 17:01:35 2020]
rule bbduk:
    input: /home/data/ssmstest/reads/107-FEC-1-2-S26.fastq
    output: /home/david/MEIJI/reads/107-FEC-1-2-S26.fasta
    jobid: 7
    wildcards: samples=107-FEC-1-2-S26
    threads: 8

[Sat Feb  1 17:01:37 2020]
Finished job 7.
10 of 26 steps (38%) done

[Sat Feb  1 17:01:37 2020]
rule bbduk:
    input: /home/data/ssmstest/reads/104-FEC-1-0-S13.fastq
    output: /home/david/MEIJI/reads/104-FEC-1-0-S13.fasta
    jobid: 9
    wildcards: samples=104-FEC-1-0-S13
    threads: 8

[Sat Feb  1 17:01:39 2020]
Finished job 9.
11 of 26 steps (42%) done

[Sat Feb  1 17:01:39 2020]
rule bbduk:
    input: /home/data/ssmstest/reads/105-FEC-1-4-S19.fastq
    output: /home/david/MEIJI/reads/105-FEC-1-4-S19.fasta
    jobid: 4
    wildcards: samples=105-FEC-1-4-S19
    threads: 8

[Sat Feb  1 17:01:40 2020]
Finished job 4.
12 of 26 steps (46%) done

[Sat Feb  1 17:01:40 2020]
rule bbduk:
    input: /home/data/ssmstest/reads/104-FEC-1-8-S16.fastq
    output: /home/david/MEIJI/reads/104-FEC-1-8-S16.fasta
    jobid: 14
    wildcards: samples=104-FEC-1-8-S16
    threads: 8

[Sat Feb  1 17:01:42 2020]
Finished job 14.
13 of 26 steps (50%) done

[Sat Feb  1 17:01:42 2020]
rule bbduk:
    input: /home/data/ssmstest/reads/106-FEC-1-2-S22.fastq
    output: /home/david/MEIJI/reads/106-FEC-1-2-S22.fasta
    jobid: 5
    wildcards: samples=106-FEC-1-2-S22
    threads: 8

[Sat Feb  1 17:01:44 2020]
Finished job 5.
14 of 26 steps (54%) done

[Sat Feb  1 17:01:44 2020]
rule bbduk:
    input: /home/data/ssmstest/reads/102-FEC-1-8-S8.fastq
    output: /home/david/MEIJI/reads/102-FEC-1-8-S8.fasta
    jobid: 25
    wildcards: samples=102-FEC-1-8-S8
    threads: 8

[Sat Feb  1 17:01:46 2020]
Finished job 25.
15 of 26 steps (58%) done

[Sat Feb  1 17:01:46 2020]
rule bbduk:
    input: /home/data/ssmstest/reads/106-FEC-1-0-S21.fastq
    output: /home/david/MEIJI/reads/106-FEC-1-0-S21.fasta
    jobid: 10
    wildcards: samples=106-FEC-1-0-S21
    threads: 8

[Sat Feb  1 17:01:47 2020]
Finished job 10.
16 of 26 steps (62%) done

[Sat Feb  1 17:01:47 2020]
rule bbduk:
    input: /home/data/ssmstest/reads/105-FEC-1-2-S18.fastq
    output: /home/david/MEIJI/reads/105-FEC-1-2-S18.fasta
    jobid: 27
    wildcards: samples=105-FEC-1-2-S18
    threads: 8

[Sat Feb  1 17:01:49 2020]
Finished job 27.
17 of 26 steps (65%) done

[Sat Feb  1 17:01:49 2020]
rule bbduk:
    input: /home/data/ssmstest/reads/105-FEC-1-8-S20.fastq
    output: /home/david/MEIJI/reads/105-FEC-1-8-S20.fasta
    jobid: 24
    wildcards: samples=105-FEC-1-8-S20
    threads: 8

[Sat Feb  1 17:01:51 2020]
Finished job 24.
18 of 26 steps (69%) done

[Sat Feb  1 17:01:51 2020]
rule bbduk:
    input: /home/data/ssmstest/reads/105-FEC-1-0-S17.fastq
    output: /home/david/MEIJI/reads/105-FEC-1-0-S17.fasta
    jobid: 18
    wildcards: samples=105-FEC-1-0-S17
    threads: 8

[Sat Feb  1 17:01:52 2020]
Finished job 18.
19 of 26 steps (73%) done

[Sat Feb  1 17:01:52 2020]
rule bbduk:
    input: /home/data/ssmstest/reads/104-FEC-1-2-S14.fastq
    output: /home/david/MEIJI/reads/104-FEC-1-2-S14.fasta
    jobid: 20
    wildcards: samples=104-FEC-1-2-S14
    threads: 8

[Sat Feb  1 17:01:54 2020]
Finished job 20.
20 of 26 steps (77%) done

[Sat Feb  1 17:01:54 2020]
rule bbduk:
    input: /home/data/ssmstest/reads/103-FEC-1-2-S10.fastq
    output: /home/david/MEIJI/reads/103-FEC-1-2-S10.fasta
    jobid: 23
    wildcards: samples=103-FEC-1-2-S10
    threads: 8

[Sat Feb  1 17:01:56 2020]
Finished job 23.
21 of 26 steps (81%) done

[Sat Feb  1 17:01:56 2020]
rule bbduk:
    input: /home/data/ssmstest/reads/102-FEC-1-2-S6.fastq
    output: /home/david/MEIJI/reads/102-FEC-1-2-S6.fasta
    jobid: 12
    wildcards: samples=102-FEC-1-2-S6
    threads: 8

[Sat Feb  1 17:01:57 2020]
Finished job 12.
22 of 26 steps (85%) done

[Sat Feb  1 17:01:57 2020]
rule format_headers:
    input: /home/david/MEIJI/reads/101-FEC-1-0-S1.fasta, /home/david/MEIJI/reads/101-FEC-1-2-S2.fasta, /home/david/MEIJI/reads/101-FEC-1-4-S3.fasta, /home/david/MEIJI/reads/101-FEC-1-8-S4.fasta, /home/david/MEIJI/reads/102-FEC-1-0-S5.fasta, /home/david/MEIJI/reads/102-FEC-1-2-S6.fasta, /home/david/MEIJI/reads/102-FEC-1-4-S7.fasta, /home/david/MEIJI/reads/102-FEC-1-8-S8.fasta, /home/david/MEIJI/reads/103-FEC-1-0-S9.fasta, /home/david/MEIJI/reads/103-FEC-1-2-S10.fasta, /home/david/MEIJI/reads/103-FEC-1-4-S11.fasta, /home/david/MEIJI/reads/103-FEC-1-8-S12.fasta, /home/david/MEIJI/reads/104-FEC-1-0-S13.fasta, /home/david/MEIJI/reads/104-FEC-1-2-S14.fasta, /home/david/MEIJI/reads/104-FEC-1-4-S15.fasta, /home/david/MEIJI/reads/104-FEC-1-8-S16.fasta, /home/david/MEIJI/reads/105-FEC-1-0-S17.fasta, /home/david/MEIJI/reads/105-FEC-1-2-S18.fasta, /home/david/MEIJI/reads/105-FEC-1-4-S19.fasta, /home/david/MEIJI/reads/105-FEC-1-8-S20.fasta, /home/david/MEIJI/reads/106-FEC-1-0-S21.fasta, /home/david/MEIJI/reads/106-FEC-1-2-S22.fasta, /home/david/MEIJI/reads/106-FEC-1-4-S23.fasta, /home/david/MEIJI/reads/106-FEC-1-8-S24.fasta, /home/david/MEIJI/reads/107-FEC-1-0-S25.fasta, /home/david/MEIJI/reads/107-FEC-1-2-S26.fasta
    output: /home/david/MEIJI/reads/101-FEC-1-0-S1.head.fasta, /home/david/MEIJI/reads/101-FEC-1-2-S2.head.fasta, /home/david/MEIJI/reads/101-FEC-1-4-S3.head.fasta, /home/david/MEIJI/reads/101-FEC-1-8-S4.head.fasta, /home/david/MEIJI/reads/102-FEC-1-0-S5.head.fasta, /home/david/MEIJI/reads/102-FEC-1-2-S6.head.fasta, /home/david/MEIJI/reads/102-FEC-1-4-S7.head.fasta, /home/david/MEIJI/reads/102-FEC-1-8-S8.head.fasta, /home/david/MEIJI/reads/103-FEC-1-0-S9.head.fasta, /home/david/MEIJI/reads/103-FEC-1-2-S10.head.fasta, /home/david/MEIJI/reads/103-FEC-1-4-S11.head.fasta, /home/david/MEIJI/reads/103-FEC-1-8-S12.head.fasta, /home/david/MEIJI/reads/104-FEC-1-0-S13.head.fasta, /home/david/MEIJI/reads/104-FEC-1-2-S14.head.fasta, /home/david/MEIJI/reads/104-FEC-1-4-S15.head.fasta, /home/david/MEIJI/reads/104-FEC-1-8-S16.head.fasta, /home/david/MEIJI/reads/105-FEC-1-0-S17.head.fasta, /home/david/MEIJI/reads/105-FEC-1-2-S18.head.fasta, /home/david/MEIJI/reads/105-FEC-1-4-S19.head.fasta, /home/david/MEIJI/reads/105-FEC-1-8-S20.head.fasta, /home/david/MEIJI/reads/106-FEC-1-0-S21.head.fasta, /home/david/MEIJI/reads/106-FEC-1-2-S22.head.fasta, /home/david/MEIJI/reads/106-FEC-1-4-S23.head.fasta, /home/david/MEIJI/reads/106-FEC-1-8-S24.head.fasta, /home/david/MEIJI/reads/107-FEC-1-0-S25.head.fasta, /home/david/MEIJI/reads/107-FEC-1-2-S26.head.fasta
    jobid: 3

[Sat Feb  1 17:02:13 2020]
Finished job 3.
23 of 26 steps (88%) done

[Sat Feb  1 17:02:13 2020]
rule merge_reads:
    input: /home/david/MEIJI/reads/101-FEC-1-0-S1.head.fasta, /home/david/MEIJI/reads/101-FEC-1-2-S2.head.fasta, /home/david/MEIJI/reads/101-FEC-1-4-S3.head.fasta, /home/david/MEIJI/reads/101-FEC-1-8-S4.head.fasta, /home/david/MEIJI/reads/102-FEC-1-0-S5.head.fasta, /home/david/MEIJI/reads/102-FEC-1-2-S6.head.fasta, /home/david/MEIJI/reads/102-FEC-1-4-S7.head.fasta, /home/david/MEIJI/reads/102-FEC-1-8-S8.head.fasta, /home/david/MEIJI/reads/103-FEC-1-0-S9.head.fasta, /home/david/MEIJI/reads/103-FEC-1-2-S10.head.fasta, /home/david/MEIJI/reads/103-FEC-1-4-S11.head.fasta, /home/david/MEIJI/reads/103-FEC-1-8-S12.head.fasta, /home/david/MEIJI/reads/104-FEC-1-0-S13.head.fasta, /home/david/MEIJI/reads/104-FEC-1-2-S14.head.fasta, /home/david/MEIJI/reads/104-FEC-1-4-S15.head.fasta, /home/david/MEIJI/reads/104-FEC-1-8-S16.head.fasta, /home/david/MEIJI/reads/105-FEC-1-0-S17.head.fasta, /home/david/MEIJI/reads/105-FEC-1-2-S18.head.fasta, /home/david/MEIJI/reads/105-FEC-1-4-S19.head.fasta, /home/david/MEIJI/reads/105-FEC-1-8-S20.head.fasta, /home/david/MEIJI/reads/106-FEC-1-0-S21.head.fasta, /home/david/MEIJI/reads/106-FEC-1-2-S22.head.fasta, /home/david/MEIJI/reads/106-FEC-1-4-S23.head.fasta, /home/david/MEIJI/reads/106-FEC-1-8-S24.head.fasta, /home/david/MEIJI/reads/107-FEC-1-0-S25.head.fasta, /home/david/MEIJI/reads/107-FEC-1-2-S26.head.fasta
    output: /home/david/MEIJI/reads/reads.qc.fa
    jobid: 2

[Sat Feb  1 17:02:14 2020]
Finished job 2.
24 of 26 steps (92%) done

[Sat Feb  1 17:02:14 2020]
rule linearize_reads:
    input: /home/david/MEIJI/reads/reads.qc.fa
    output: /home/david/MEIJI/reads/reads.qc.lin.fa
    jobid: 1

Removing temporary output file /home/david/MEIJI/reads/reads.qc.fa.
[Sat Feb  1 17:02:18 2020]
Finished job 1.
25 of 26 steps (96%) done

[Sat Feb  1 17:02:18 2020]
localrule all:
    input: /home/david/MEIJI/reads/reads.qc.lin.fa
    jobid: 0

[Sat Feb  1 17:02:18 2020]
Finished job 0.
26 of 26 steps (100%) done
Complete log: /home/david/MEIJI/0.1/.snakemake/log/2020-02-01T170117.564810.snakemake.log
