Building DAG of jobs...
Using shell: /bin/bash
Provided cores: 8
Rules claiming more threads will be scaled down.
Job counts:
	count	jobs
	1	all
	1	bbduk
	2

[Sat Feb  1 13:23:44 2020]
rule bbduk:
    input: /home/data/ssmstest/reads/101-FEC-1-0-S1.fastq, /home/data/ssmstest/reads/101-FEC-1-2-S2.fastq, /home/data/ssmstest/reads/101-FEC-1-4-S3.fastq, /home/data/ssmstest/reads/101-FEC-1-8-S4.fastq, /home/data/ssmstest/reads/102-FEC-1-0-S5.fastq, /home/data/ssmstest/reads/102-FEC-1-2-S6.fastq, /home/data/ssmstest/reads/102-FEC-1-4-S7.fastq, /home/data/ssmstest/reads/102-FEC-1-8-S8.fastq, /home/data/ssmstest/reads/103-FEC-1-0-S9.fastq, /home/data/ssmstest/reads/103-FEC-1-2-S10.fastq, /home/data/ssmstest/reads/103-FEC-1-4-S11.fastq, /home/data/ssmstest/reads/103-FEC-1-8-S12.fastq, /home/data/ssmstest/reads/104-FEC-1-0-S13.fastq, /home/data/ssmstest/reads/104-FEC-1-2-S14.fastq, /home/data/ssmstest/reads/104-FEC-1-4-S15.fastq, /home/data/ssmstest/reads/104-FEC-1-8-S16.fastq, /home/data/ssmstest/reads/105-FEC-1-0-S17.fastq, /home/data/ssmstest/reads/105-FEC-1-2-S18.fastq, /home/data/ssmstest/reads/105-FEC-1-4-S19.fastq, /home/data/ssmstest/reads/105-FEC-1-8-S20.fastq, /home/data/ssmstest/reads/106-FEC-1-0-S21.fastq, /home/data/ssmstest/reads/106-FEC-1-2-S22.fastq, /home/data/ssmstest/reads/106-FEC-1-4-S23.fastq, /home/data/ssmstest/reads/106-FEC-1-8-S24.fastq, /home/data/ssmstest/reads/107-FEC-1-0-S25.fastq, /home/data/ssmstest/reads/107-FEC-1-2-S26.fastq
    output: /home/david/MEIJI/reads/101-FEC-1-0-S1.q30.fq, /home/david/MEIJI/reads/101-FEC-1-2-S2.q30.fq, /home/david/MEIJI/reads/101-FEC-1-4-S3.q30.fq, /home/david/MEIJI/reads/101-FEC-1-8-S4.q30.fq, /home/david/MEIJI/reads/102-FEC-1-0-S5.q30.fq, /home/david/MEIJI/reads/102-FEC-1-2-S6.q30.fq, /home/david/MEIJI/reads/102-FEC-1-4-S7.q30.fq, /home/david/MEIJI/reads/102-FEC-1-8-S8.q30.fq, /home/david/MEIJI/reads/103-FEC-1-0-S9.q30.fq, /home/david/MEIJI/reads/103-FEC-1-2-S10.q30.fq, /home/david/MEIJI/reads/103-FEC-1-4-S11.q30.fq, /home/david/MEIJI/reads/103-FEC-1-8-S12.q30.fq, /home/david/MEIJI/reads/104-FEC-1-0-S13.q30.fq, /home/david/MEIJI/reads/104-FEC-1-2-S14.q30.fq, /home/david/MEIJI/reads/104-FEC-1-4-S15.q30.fq, /home/david/MEIJI/reads/104-FEC-1-8-S16.q30.fq, /home/david/MEIJI/reads/105-FEC-1-0-S17.q30.fq, /home/david/MEIJI/reads/105-FEC-1-2-S18.q30.fq, /home/david/MEIJI/reads/105-FEC-1-4-S19.q30.fq, /home/david/MEIJI/reads/105-FEC-1-8-S20.q30.fq, /home/david/MEIJI/reads/106-FEC-1-0-S21.q30.fq, /home/david/MEIJI/reads/106-FEC-1-2-S22.q30.fq, /home/david/MEIJI/reads/106-FEC-1-4-S23.q30.fq, /home/david/MEIJI/reads/106-FEC-1-8-S24.q30.fq, /home/david/MEIJI/reads/107-FEC-1-0-S25.q30.fq, /home/david/MEIJI/reads/107-FEC-1-2-S26.q30.fq
    jobid: 1
    threads: 8

Terminating processes on user request, this might take some time.
[Sat Feb  1 13:23:56 2020]
Error in rule bbduk:
    jobid: 1
    output: /home/david/MEIJI/reads/101-FEC-1-0-S1.q30.fq, /home/david/MEIJI/reads/101-FEC-1-2-S2.q30.fq, /home/david/MEIJI/reads/101-FEC-1-4-S3.q30.fq, /home/david/MEIJI/reads/101-FEC-1-8-S4.q30.fq, /home/david/MEIJI/reads/102-FEC-1-0-S5.q30.fq, /home/david/MEIJI/reads/102-FEC-1-2-S6.q30.fq, /home/david/MEIJI/reads/102-FEC-1-4-S7.q30.fq, /home/david/MEIJI/reads/102-FEC-1-8-S8.q30.fq, /home/david/MEIJI/reads/103-FEC-1-0-S9.q30.fq, /home/david/MEIJI/reads/103-FEC-1-2-S10.q30.fq, /home/david/MEIJI/reads/103-FEC-1-4-S11.q30.fq, /home/david/MEIJI/reads/103-FEC-1-8-S12.q30.fq, /home/david/MEIJI/reads/104-FEC-1-0-S13.q30.fq, /home/david/MEIJI/reads/104-FEC-1-2-S14.q30.fq, /home/david/MEIJI/reads/104-FEC-1-4-S15.q30.fq, /home/david/MEIJI/reads/104-FEC-1-8-S16.q30.fq, /home/david/MEIJI/reads/105-FEC-1-0-S17.q30.fq, /home/david/MEIJI/reads/105-FEC-1-2-S18.q30.fq, /home/david/MEIJI/reads/105-FEC-1-4-S19.q30.fq, /home/david/MEIJI/reads/105-FEC-1-8-S20.q30.fq, /home/david/MEIJI/reads/106-FEC-1-0-S21.q30.fq, /home/david/MEIJI/reads/106-FEC-1-2-S22.q30.fq, /home/david/MEIJI/reads/106-FEC-1-4-S23.q30.fq, /home/david/MEIJI/reads/106-FEC-1-8-S24.q30.fq, /home/david/MEIJI/reads/107-FEC-1-0-S25.q30.fq, /home/david/MEIJI/reads/107-FEC-1-2-S26.q30.fq

RuleException:
CalledProcessError in line 75 of /home/david/MEIJI/0.1/rules/prepare_reads.smk:
Command ' set -euo pipefail;  cat /home/data/ssmstest/reads/101-FEC-1-0-S1.fastq /home/data/ssmstest/reads/101-FEC-1-2-S2.fastq /home/data/ssmstest/reads/101-FEC-1-4-S3.fastq /home/data/ssmstest/reads/101-FEC-1-8-S4.fastq /home/data/ssmstest/reads/102-FEC-1-0-S5.fastq /home/data/ssmstest/reads/102-FEC-1-2-S6.fastq /home/data/ssmstest/reads/102-FEC-1-4-S7.fastq /home/data/ssmstest/reads/102-FEC-1-8-S8.fastq /home/data/ssmstest/reads/103-FEC-1-0-S9.fastq /home/data/ssmstest/reads/103-FEC-1-2-S10.fastq /home/data/ssmstest/reads/103-FEC-1-4-S11.fastq /home/data/ssmstest/reads/103-FEC-1-8-S12.fastq /home/data/ssmstest/reads/104-FEC-1-0-S13.fastq /home/data/ssmstest/reads/104-FEC-1-2-S14.fastq /home/data/ssmstest/reads/104-FEC-1-4-S15.fastq /home/data/ssmstest/reads/104-FEC-1-8-S16.fastq /home/data/ssmstest/reads/105-FEC-1-0-S17.fastq /home/data/ssmstest/reads/105-FEC-1-2-S18.fastq /home/data/ssmstest/reads/105-FEC-1-4-S19.fastq /home/data/ssmstest/reads/105-FEC-1-8-S20.fastq /home/data/ssmstest/reads/106-FEC-1-0-S21.fastq /home/data/ssmstest/reads/106-FEC-1-2-S22.fastq /home/data/ssmstest/reads/106-FEC-1-4-S23.fastq /home/data/ssmstest/reads/106-FEC-1-8-S24.fastq /home/data/ssmstest/reads/107-FEC-1-0-S25.fastq /home/data/ssmstest/reads/107-FEC-1-2-S26.fastq > /home/david/MEIJI/reads/101-FEC-1-0-S1.q30.fq /home/david/MEIJI/reads/101-FEC-1-2-S2.q30.fq /home/david/MEIJI/reads/101-FEC-1-4-S3.q30.fq /home/david/MEIJI/reads/101-FEC-1-8-S4.q30.fq /home/david/MEIJI/reads/102-FEC-1-0-S5.q30.fq /home/david/MEIJI/reads/102-FEC-1-2-S6.q30.fq /home/david/MEIJI/reads/102-FEC-1-4-S7.q30.fq /home/david/MEIJI/reads/102-FEC-1-8-S8.q30.fq /home/david/MEIJI/reads/103-FEC-1-0-S9.q30.fq /home/david/MEIJI/reads/103-FEC-1-2-S10.q30.fq /home/david/MEIJI/reads/103-FEC-1-4-S11.q30.fq /home/david/MEIJI/reads/103-FEC-1-8-S12.q30.fq /home/david/MEIJI/reads/104-FEC-1-0-S13.q30.fq /home/david/MEIJI/reads/104-FEC-1-2-S14.q30.fq /home/david/MEIJI/reads/104-FEC-1-4-S15.q30.fq /home/david/MEIJI/reads/104-FEC-1-8-S16.q30.fq /home/david/MEIJI/reads/105-FEC-1-0-S17.q30.fq /home/david/MEIJI/reads/105-FEC-1-2-S18.q30.fq /home/david/MEIJI/reads/105-FEC-1-4-S19.q30.fq /home/david/MEIJI/reads/105-FEC-1-8-S20.q30.fq /home/david/MEIJI/reads/106-FEC-1-0-S21.q30.fq /home/david/MEIJI/reads/106-FEC-1-2-S22.q30.fq /home/david/MEIJI/reads/106-FEC-1-4-S23.q30.fq /home/david/MEIJI/reads/106-FEC-1-8-S24.q30.fq /home/david/MEIJI/reads/107-FEC-1-0-S25.q30.fq /home/david/MEIJI/reads/107-FEC-1-2-S26.q30.fq ' died with <Signals.SIGINT: 2>.
  File "/home/david/MEIJI/0.1/rules/prepare_reads.smk", line 75, in __rule_bbduk
  File "/home/david/miniconda3/envs/Praxis/lib/python3.6/concurrent/futures/thread.py", line 56, in run
Removing output files of failed job bbduk since they might be corrupted:
/home/david/MEIJI/reads/101-FEC-1-0-S1.q30.fq
Cancelling snakemake on user request.
