Building DAG of jobs...
Using shell: /bin/bash
Provided cores: 8
Rules claiming more threads will be scaled down.
Job counts:
	count	jobs
	1	all
	26	bbduk
	1	merge_reads
	28

[Sat Feb  1 14:33:38 2020]
rule bbduk:
    input: /home/data/ssmstest/reads/101-FEC-1-4-S3.fastq
    output: /home/david/MEIJI/reads/101-FEC-1-4-S3.fasta
    jobid: 26
    wildcards: samples=101-FEC-1-4-S3
    threads: 8

[Sat Feb  1 14:33:41 2020]
Finished job 26.
1 of 28 steps (4%) done

[Sat Feb  1 14:33:41 2020]
rule bbduk:
    input: /home/data/ssmstest/reads/101-FEC-1-8-S4.fastq
    output: /home/david/MEIJI/reads/101-FEC-1-8-S4.fasta
    jobid: 14
    wildcards: samples=101-FEC-1-8-S4
    threads: 8

[Sat Feb  1 14:33:43 2020]
Finished job 14.
2 of 28 steps (7%) done

[Sat Feb  1 14:33:43 2020]
rule bbduk:
    input: /home/data/ssmstest/reads/102-FEC-1-4-S7.fastq
    output: /home/david/MEIJI/reads/102-FEC-1-4-S7.fasta
    jobid: 6
    wildcards: samples=102-FEC-1-4-S7
    threads: 8

[Sat Feb  1 14:33:46 2020]
Finished job 6.
3 of 28 steps (11%) done

[Sat Feb  1 14:33:46 2020]
rule bbduk:
    input: /home/data/ssmstest/reads/103-FEC-1-4-S11.fastq
    output: /home/david/MEIJI/reads/103-FEC-1-4-S11.fasta
    jobid: 4
    wildcards: samples=103-FEC-1-4-S11
    threads: 8

[Sat Feb  1 14:33:48 2020]
Finished job 4.
4 of 28 steps (14%) done

[Sat Feb  1 14:33:48 2020]
rule bbduk:
    input: /home/data/ssmstest/reads/107-FEC-1-0-S25.fastq
    output: /home/david/MEIJI/reads/107-FEC-1-0-S25.fasta
    jobid: 20
    wildcards: samples=107-FEC-1-0-S25
    threads: 8

[Sat Feb  1 14:33:50 2020]
Finished job 20.
5 of 28 steps (18%) done

[Sat Feb  1 14:33:50 2020]
rule bbduk:
    input: /home/data/ssmstest/reads/101-FEC-1-2-S2.fastq
    output: /home/david/MEIJI/reads/101-FEC-1-2-S2.fasta
    jobid: 9
    wildcards: samples=101-FEC-1-2-S2
    threads: 8

[Sat Feb  1 14:33:52 2020]
Finished job 9.
6 of 28 steps (21%) done

[Sat Feb  1 14:33:52 2020]
rule bbduk:
    input: /home/data/ssmstest/reads/103-FEC-1-0-S9.fastq
    output: /home/david/MEIJI/reads/103-FEC-1-0-S9.fasta
    jobid: 8
    wildcards: samples=103-FEC-1-0-S9
    threads: 8

[Sat Feb  1 14:33:54 2020]
Finished job 8.
7 of 28 steps (25%) done

[Sat Feb  1 14:33:54 2020]
rule bbduk:
    input: /home/data/ssmstest/reads/104-FEC-1-4-S15.fastq
    output: /home/david/MEIJI/reads/104-FEC-1-4-S15.fasta
    jobid: 18
    wildcards: samples=104-FEC-1-4-S15
    threads: 8

[Sat Feb  1 14:33:56 2020]
Finished job 18.
8 of 28 steps (29%) done

[Sat Feb  1 14:33:56 2020]
rule bbduk:
    input: /home/data/ssmstest/reads/106-FEC-1-4-S23.fastq
    output: /home/david/MEIJI/reads/106-FEC-1-4-S23.fasta
    jobid: 11
    wildcards: samples=106-FEC-1-4-S23
    threads: 8

[Sat Feb  1 14:33:58 2020]
Finished job 11.
9 of 28 steps (32%) done

[Sat Feb  1 14:33:58 2020]
rule bbduk:
    input: /home/data/ssmstest/reads/103-FEC-1-8-S12.fastq
    output: /home/david/MEIJI/reads/103-FEC-1-8-S12.fasta
    jobid: 25
    wildcards: samples=103-FEC-1-8-S12
    threads: 8

[Sat Feb  1 14:34:00 2020]
Finished job 25.
10 of 28 steps (36%) done

[Sat Feb  1 14:34:00 2020]
rule bbduk:
    input: /home/data/ssmstest/reads/106-FEC-1-8-S24.fastq
    output: /home/david/MEIJI/reads/106-FEC-1-8-S24.fasta
    jobid: 22
    wildcards: samples=106-FEC-1-8-S24
    threads: 8

[Sat Feb  1 14:34:02 2020]
Finished job 22.
11 of 28 steps (39%) done

[Sat Feb  1 14:34:02 2020]
rule bbduk:
    input: /home/data/ssmstest/reads/101-FEC-1-0-S1.fastq
    output: /home/david/MEIJI/reads/101-FEC-1-0-S1.fasta
    jobid: 13
    wildcards: samples=101-FEC-1-0-S1
    threads: 8

[Sat Feb  1 14:34:04 2020]
Finished job 13.
12 of 28 steps (43%) done

[Sat Feb  1 14:34:04 2020]
rule bbduk:
    input: /home/data/ssmstest/reads/102-FEC-1-0-S5.fastq
    output: /home/david/MEIJI/reads/102-FEC-1-0-S5.fasta
    jobid: 23
    wildcards: samples=102-FEC-1-0-S5
    threads: 8

[Sat Feb  1 14:34:06 2020]
Finished job 23.
13 of 28 steps (46%) done

[Sat Feb  1 14:34:06 2020]
rule bbduk:
    input: /home/data/ssmstest/reads/107-FEC-1-2-S26.fastq
    output: /home/david/MEIJI/reads/107-FEC-1-2-S26.fasta
    jobid: 27
    wildcards: samples=107-FEC-1-2-S26
    threads: 8

[Sat Feb  1 14:34:08 2020]
Finished job 27.
14 of 28 steps (50%) done

[Sat Feb  1 14:34:08 2020]
rule bbduk:
    input: /home/data/ssmstest/reads/104-FEC-1-0-S13.fastq
    output: /home/david/MEIJI/reads/104-FEC-1-0-S13.fasta
    jobid: 7
    wildcards: samples=104-FEC-1-0-S13
    threads: 8

[Sat Feb  1 14:34:10 2020]
Finished job 7.
15 of 28 steps (54%) done

[Sat Feb  1 14:34:10 2020]
rule bbduk:
    input: /home/data/ssmstest/reads/105-FEC-1-4-S19.fastq
    output: /home/david/MEIJI/reads/105-FEC-1-4-S19.fasta
    jobid: 12
    wildcards: samples=105-FEC-1-4-S19
    threads: 8

[Sat Feb  1 14:34:12 2020]
Finished job 12.
16 of 28 steps (57%) done

[Sat Feb  1 14:34:12 2020]
rule bbduk:
    input: /home/data/ssmstest/reads/104-FEC-1-8-S16.fastq
    output: /home/david/MEIJI/reads/104-FEC-1-8-S16.fasta
    jobid: 17
    wildcards: samples=104-FEC-1-8-S16
    threads: 8

[Sat Feb  1 14:34:13 2020]
Finished job 17.
17 of 28 steps (61%) done

[Sat Feb  1 14:34:13 2020]
rule bbduk:
    input: /home/data/ssmstest/reads/106-FEC-1-2-S22.fastq
    output: /home/david/MEIJI/reads/106-FEC-1-2-S22.fasta
    jobid: 10
    wildcards: samples=106-FEC-1-2-S22
    threads: 8

[Sat Feb  1 14:34:15 2020]
Finished job 10.
18 of 28 steps (64%) done

[Sat Feb  1 14:34:15 2020]
rule bbduk:
    input: /home/data/ssmstest/reads/102-FEC-1-8-S8.fastq
    output: /home/david/MEIJI/reads/102-FEC-1-8-S8.fasta
    jobid: 19
    wildcards: samples=102-FEC-1-8-S8
    threads: 8

[Sat Feb  1 14:34:17 2020]
Finished job 19.
19 of 28 steps (68%) done

[Sat Feb  1 14:34:17 2020]
rule bbduk:
    input: /home/data/ssmstest/reads/106-FEC-1-0-S21.fastq
    output: /home/david/MEIJI/reads/106-FEC-1-0-S21.fasta
    jobid: 16
    wildcards: samples=106-FEC-1-0-S21
    threads: 8

[Sat Feb  1 14:34:19 2020]
Finished job 16.
20 of 28 steps (71%) done

[Sat Feb  1 14:34:19 2020]
rule bbduk:
    input: /home/data/ssmstest/reads/105-FEC-1-2-S18.fastq
    output: /home/david/MEIJI/reads/105-FEC-1-2-S18.fasta
    jobid: 3
    wildcards: samples=105-FEC-1-2-S18
    threads: 8

[Sat Feb  1 14:34:20 2020]
Finished job 3.
21 of 28 steps (75%) done

[Sat Feb  1 14:34:20 2020]
rule bbduk:
    input: /home/data/ssmstest/reads/105-FEC-1-8-S20.fastq
    output: /home/david/MEIJI/reads/105-FEC-1-8-S20.fasta
    jobid: 21
    wildcards: samples=105-FEC-1-8-S20
    threads: 8

[Sat Feb  1 14:34:22 2020]
Finished job 21.
22 of 28 steps (79%) done

[Sat Feb  1 14:34:22 2020]
rule bbduk:
    input: /home/data/ssmstest/reads/105-FEC-1-0-S17.fastq
    output: /home/david/MEIJI/reads/105-FEC-1-0-S17.fasta
    jobid: 24
    wildcards: samples=105-FEC-1-0-S17
    threads: 8

[Sat Feb  1 14:34:24 2020]
Finished job 24.
23 of 28 steps (82%) done

[Sat Feb  1 14:34:24 2020]
rule bbduk:
    input: /home/data/ssmstest/reads/104-FEC-1-2-S14.fastq
    output: /home/david/MEIJI/reads/104-FEC-1-2-S14.fasta
    jobid: 2
    wildcards: samples=104-FEC-1-2-S14
    threads: 8

[Sat Feb  1 14:34:25 2020]
Finished job 2.
24 of 28 steps (86%) done

[Sat Feb  1 14:34:25 2020]
rule bbduk:
    input: /home/data/ssmstest/reads/103-FEC-1-2-S10.fastq
    output: /home/david/MEIJI/reads/103-FEC-1-2-S10.fasta
    jobid: 15
    wildcards: samples=103-FEC-1-2-S10
    threads: 8

[Sat Feb  1 14:34:27 2020]
Finished job 15.
25 of 28 steps (89%) done

[Sat Feb  1 14:34:27 2020]
rule bbduk:
    input: /home/data/ssmstest/reads/102-FEC-1-2-S6.fastq
    output: /home/david/MEIJI/reads/102-FEC-1-2-S6.fasta
    jobid: 5
    wildcards: samples=102-FEC-1-2-S6
    threads: 8

[Sat Feb  1 14:34:28 2020]
Finished job 5.
26 of 28 steps (93%) done

[Sat Feb  1 14:34:28 2020]
rule merge_reads:
    input: /home/david/MEIJI/reads/101-FEC-1-8-S4.fasta, /home/david/MEIJI/reads/102-FEC-1-0-S5.fasta, /home/david/MEIJI/reads/107-FEC-1-2-S26.fasta, /home/david/MEIJI/reads/106-FEC-1-4-S23.fasta, /home/david/MEIJI/reads/104-FEC-1-8-S16.fasta, /home/david/MEIJI/reads/103-FEC-1-8-S12.fasta, /home/david/MEIJI/reads/103-FEC-1-2-S10.fasta, /home/david/MEIJI/reads/105-FEC-1-8-S20.fasta, /home/david/MEIJI/reads/105-FEC-1-4-S19.fasta, /home/david/MEIJI/reads/105-FEC-1-2-S18.fasta, /home/david/MEIJI/reads/104-FEC-1-0-S13.fasta, /home/david/MEIJI/reads/104-FEC-1-2-S14.fasta, /home/david/MEIJI/reads/105-FEC-1-0-S17.fasta, /home/david/MEIJI/reads/102-FEC-1-4-S7.fasta, /home/david/MEIJI/reads/106-FEC-1-2-S22.fasta, /home/david/MEIJI/reads/102-FEC-1-8-S8.fasta, /home/david/MEIJI/reads/103-FEC-1-0-S9.fasta, /home/david/MEIJI/reads/106-FEC-1-8-S24.fasta, /home/david/MEIJI/reads/106-FEC-1-0-S21.fasta, /home/david/MEIJI/reads/101-FEC-1-4-S3.fasta, /home/david/MEIJI/reads/101-FEC-1-0-S1.fasta, /home/david/MEIJI/reads/102-FEC-1-2-S6.fasta, /home/david/MEIJI/reads/103-FEC-1-4-S11.fasta, /home/david/MEIJI/reads/101-FEC-1-2-S2.fasta, /home/david/MEIJI/reads/107-FEC-1-0-S25.fasta, /home/david/MEIJI/reads/104-FEC-1-4-S15.fasta
    output: /home/david/MEIJI/reads/genomes.reads.qc.fa
    jobid: 1

[Sat Feb  1 14:34:29 2020]
Finished job 1.
27 of 28 steps (96%) done

[Sat Feb  1 14:34:29 2020]
localrule all:
    input: /home/david/MEIJI/reads/genomes.reads.qc.fa
    jobid: 0

[Sat Feb  1 14:34:29 2020]
Finished job 0.
28 of 28 steps (100%) done
Complete log: /home/david/MEIJI/0.1/.snakemake/log/2020-02-01T143338.787006.snakemake.log
