Building DAG of jobs...
Using shell: /bin/bash
Provided cores: 8
Rules claiming more threads will be scaled down.
Job counts:
	count	jobs
	1	all
	1	linearize_reads
	1	merge_reads
	3

[Sat Feb  1 16:10:55 2020]
rule merge_reads:
    input: /home/david/MEIJI/reads/101-FEC-1-8-S4.head.fasta, /home/david/MEIJI/reads/102-FEC-1-0-S5.head.fasta, /home/david/MEIJI/reads/107-FEC-1-2-S26.head.fasta, /home/david/MEIJI/reads/106-FEC-1-4-S23.head.fasta, /home/david/MEIJI/reads/104-FEC-1-8-S16.head.fasta, /home/david/MEIJI/reads/103-FEC-1-8-S12.head.fasta, /home/david/MEIJI/reads/103-FEC-1-2-S10.head.fasta, /home/david/MEIJI/reads/105-FEC-1-8-S20.head.fasta, /home/david/MEIJI/reads/105-FEC-1-4-S19.head.fasta, /home/david/MEIJI/reads/105-FEC-1-2-S18.head.fasta, /home/david/MEIJI/reads/104-FEC-1-0-S13.head.fasta, /home/david/MEIJI/reads/104-FEC-1-2-S14.head.fasta, /home/david/MEIJI/reads/105-FEC-1-0-S17.head.fasta, /home/david/MEIJI/reads/102-FEC-1-4-S7.head.fasta, /home/david/MEIJI/reads/106-FEC-1-2-S22.head.fasta, /home/david/MEIJI/reads/102-FEC-1-8-S8.head.fasta, /home/david/MEIJI/reads/103-FEC-1-0-S9.head.fasta, /home/david/MEIJI/reads/106-FEC-1-8-S24.head.fasta, /home/david/MEIJI/reads/106-FEC-1-0-S21.head.fasta, /home/david/MEIJI/reads/101-FEC-1-4-S3.head.fasta, /home/david/MEIJI/reads/101-FEC-1-0-S1.head.fasta, /home/david/MEIJI/reads/102-FEC-1-2-S6.head.fasta, /home/david/MEIJI/reads/103-FEC-1-4-S11.head.fasta, /home/david/MEIJI/reads/101-FEC-1-2-S2.head.fasta, /home/david/MEIJI/reads/107-FEC-1-0-S25.head.fasta, /home/david/MEIJI/reads/104-FEC-1-4-S15.head.fasta
    output: /home/david/MEIJI/reads/genomes.reads.qc.fa
    jobid: 2

[Sat Feb  1 16:10:57 2020]
Finished job 2.
1 of 3 steps (33%) done

[Sat Feb  1 16:10:57 2020]
rule linearize_reads:
    input: /home/david/MEIJI/reads/genomes.reads.qc.fa
    output: /home/david/MEIJI/reads/genomes.reads.qc.lin.fa
    jobid: 1

Removing temporary output file /home/david/MEIJI/reads/genomes.reads.qc.fa.
[Sat Feb  1 16:11:01 2020]
Finished job 1.
2 of 3 steps (67%) done

[Sat Feb  1 16:11:01 2020]
localrule all:
    input: /home/david/MEIJI/reads/genomes.reads.qc.lin.fa
    jobid: 0

[Sat Feb  1 16:11:01 2020]
Finished job 0.
3 of 3 steps (100%) done
Complete log: /home/david/MEIJI/0.1/.snakemake/log/2020-02-01T161055.741191.snakemake.log
